<?xml version="1.0" encoding="utf-8"?><testsuites name="pytest tests"><testsuite name="pytest" errors="0" failures="0" skipped="0" tests="14" time="2.030" timestamp="2026-08-04T05:56:38.090031+00:00" hostname="agent-env-f3441e48-109e-42eb-b4f8-39beafc3e508"><testcase classname="tests.test_champions.TestRegressionOtherDomains" name="test_public_domain_ok[announcements]" time="0.118" /><testcase classname="tests.test_champions.TestRegressionOtherDomains" name="test_public_domain_ok[leaderboard]" time="0.252" /><testcase classname="tests.test_champions.TestRegressionOtherDomains" name="test_public_domain_ok[teams]" time="0.109" /><testcase classname="tests.test_champions.TestAdminChampions" name="test_admin_get" time="0.513" /><testcase classname="tests.test_champions.TestRegressionOtherDomains" name="test_public_domain_ok[schedule]" time="0.103" /><testcase classname="tests.test_champions.TestAdminChampions" name="test_admin_put_invalid_year_rejected" time="0.201" /><testcase classname="tests.test_champions.TestRegressionOtherDomains" name="test_public_domain_ok[gallery]" time="0.100" /><testcase classname="tests.test_champions.TestRegressionOtherDomains" name="test_public_domain_ok[site]" time="0.096" /><testcase classname="tests.test_champions.TestAdminChampions" name="test_admin_put_empty_teamname_rejected" time="0.233" /><testcase classname="tests.test_champions.TestRegressionOtherDomains" name="test_public_domain_ok[rules]" time="0.091" /><testcase classname="tests.test_champions.TestPublicChampions" name="test_public_champions_shape" time="0.096" /><testcase classname="tests.test_champions.TestAdminChampions" name="test_admin_edit_and_restore" time="0.494" /><testcase classname="tests.test_champions.TestPublicChampions" name="test_records_have_expected_ids" time="0.092" /><testcase classname="tests.test_champions.TestAdminChampions" name="test_admin_unauthorized" time="0.094" /></testsuite></testsuites>