<?xml version="1.0" encoding="utf-8"?><testsuites name="pytest tests"><testsuite name="pytest" errors="0" failures="0" skipped="0" tests="13" time="2.558" timestamp="2026-08-04T06:24:42.176040+00:00" hostname="agent-env-f3441e48-109e-42eb-b4f8-39beafc3e508"><testcase classname="tests.test_scoring.TestScoringSafety" name="test_hole_out_of_range_rejected" time="0.838" /><testcase classname="tests.test_scoring.TestSimulatedTournament" name="test_full_round_persists" time="0.976" /><testcase classname="tests.test_scoring.TestScoringSafety" name="test_zero_and_negative_scores_rejected" time="0.224" /><testcase classname="tests.test_scoring.TestSimulatedTournament" name="test_winner_and_ties" time="0.134" /><testcase classname="tests.test_scoring.TestScoringSafety" name="test_non_numeric_score_rejected" time="0.105" /><testcase classname="tests.test_scoring.TestSimulatedTournament" name="test_score_correction" time="0.301" /><testcase classname="tests.test_scoring.TestScoringSafety" name="test_duplicate_team_hole_rejected" time="0.093" /><testcase classname="tests.test_scoring.TestScoringSafety" name="test_par_validation" time="0.188" /><testcase classname="tests.test_scoring.TestSimulatedTournament" name="test_final_status" time="0.293" /><testcase classname="tests.test_scoring.TestScoringSafety" name="test_unauthenticated_write_rejected" time="0.097" /><testcase classname="tests.test_scoring.TestScoringSafety" name="test_public_read_is_open" time="0.097" /><testcase classname="tests.test_scoring.TestScoringSafety" name="test_nine_teams_rejected" time="0.223" /><testcase classname="tests.test_scoring.TestScoringCleanup" name="test_scores_reset_after_simulation" time="0.328" /></testsuite></testsuites>